[debug] [2021-11-27T14:37:10.378Z] ----------------------------------------------------------------------
[debug] [2021-11-27T14:37:10.380Z] Command:       D:\Programs\node\node.exe C:\Users\david\AppData\Roaming\npm\node_modules\firebase-tools\lib\bin\firebase.js init
[debug] [2021-11-27T14:37:10.380Z] CLI Version:   8.9.2
[debug] [2021-11-27T14:37:10.380Z] Platform:      win32
[debug] [2021-11-27T14:37:10.380Z] Node Version:  v11.1.0
[debug] [2021-11-27T14:37:10.381Z] Time:          Sat Nov 27 2021 15:37:10 GMT+0100 (GMT+01:00)
[debug] [2021-11-27T14:37:10.381Z] ----------------------------------------------------------------------
[debug] [2021-11-27T14:37:10.382Z] 
[debug] [2021-11-27T14:37:10.387Z] > command requires scopes: ["email","openid","https://www.googleapis.com/auth/cloudplatformprojects.readonly","https://www.googleapis.com/auth/firebase","https://www.googleapis.com/auth/cloud-platform"]
[debug] [2021-11-27T14:37:10.387Z] > authorizing via signed-in user
[info] 
     ######## #### ########  ######## ########     ###     ######  ########
     ##        ##  ##     ## ##       ##     ##  ##   ##  ##       ##
     ######    ##  ########  ######   ########  #########  ######  ######
     ##        ##  ##    ##  ##       ##     ## ##     ##       ## ##
     ##       #### ##     ## ######## ########  ##     ##  ######  ########

You're about to initialize a Firebase project in this directory:

  C:\Users\david\Desktop\ProjectsWokspace\progetto-segnali-e-misure

[info] 
=== Project Setup
[info] 
[info] First, let's associate this project directory with a Firebase project.
[info] You can create multiple project aliases by running firebase use --add, 
[info] but for now we'll just set up a default project.
[info] 
[info] i  If you want to create a project in a Google Cloud organization or folder, please use "firebase projects:create" instead, and return to this command when you've created the project. 
